<?xml version="1.0" encoding="UTF-8"?>
<!-- Generated by org.testng.reporters.JUnitXMLReporter -->
<testsuite ignored="2" hostname="sanyamwadhwa-1.local" failures="0" tests="3" name="UiCatalog App" time="11.748" errors="0" timestamp="2021-07-11T22:33:51 IST">
  <testcase classname="com.poc.test.BaseTest" name="sampleTest" time="0.005"/>
  <testcase classname="com.poc.test.BaseTest" name="sampleTest" time="0.001"/>
  <testcase classname="com.poc.test.handleAlertTests" name="AlertButton" time="0.006"/>
  <testcase classname="com.poc.test.BaseTest" name="@BeforeTest setup" time="0.0">
    <ignored/>
  </testcase> <!-- @BeforeTest setup -->
  <testcase classname="com.poc.test.BaseTest" name="@AfterSuite teardown" time="0.0">
    <ignored/>
  </testcase> <!-- @AfterSuite teardown -->
</testsuite> <!-- UiCatalog App -->
