<?xml version="1.0" encoding="UTF-8"?>
<testng-results ignored="2" total="5" passed="3" failed="0" skipped="0">
  <reporter-output>
  </reporter-output>
  <suite started-at="2021-07-11T22:33:39 IST" name="Suite" finished-at="2021-07-11T22:33:51 IST" duration-ms="11748">
    <groups>
    </groups>
    <test started-at="2021-07-11T22:33:39 IST" name="UiCatalog App" finished-at="2021-07-11T22:33:51 IST" duration-ms="11748">
      <class name="com.poc.test.handleAlertTests">
        <test-method signature="sampleTest()[pri:0, instance:com.poc.test.handleAlertTests@55b699ef]" started-at="2021-07-11T22:33:51 IST" name="sampleTest" finished-at="2021-07-11T22:33:51 IST" duration-ms="1" status="PASS">
          <reporter-output>
          </reporter-output>
        </test-method> <!-- sampleTest -->
        <test-method signature="AlertButton()[pri:0, instance:com.poc.test.handleAlertTests@55b699ef]" started-at="2021-07-11T22:33:51 IST" name="AlertButton" finished-at="2021-07-11T22:33:51 IST" duration-ms="6" status="PASS">
          <reporter-output>
          </reporter-output>
        </test-method> <!-- AlertButton -->
      </class> <!-- com.poc.test.handleAlertTests -->
      <class name="com.poc.test.BaseTest">
        <test-method is-config="true" signature="setup()[pri:0, instance:com.poc.test.BaseTest@74f0ea28]" started-at="2021-07-11T22:33:39 IST" name="setup" finished-at="2021-07-11T22:33:51 IST" duration-ms="11705" status="PASS">
          <reporter-output>
          </reporter-output>
        </test-method> <!-- setup -->
        <test-method signature="sampleTest()[pri:0, instance:com.poc.test.BaseTest@74f0ea28]" started-at="2021-07-11T22:33:51 IST" name="sampleTest" finished-at="2021-07-11T22:33:51 IST" duration-ms="5" status="PASS">
          <reporter-output>
          </reporter-output>
        </test-method> <!-- sampleTest -->
        <test-method is-config="true" signature="teardown()[pri:0, instance:com.poc.test.BaseTest@74f0ea28]" started-at="2021-07-11T22:33:51 IST" name="teardown" finished-at="2021-07-11T22:33:52 IST" duration-ms="35" status="FAIL">
          <exception class="org.openqa.selenium.UnsupportedCommandException">
            <message>
              <![CDATA[Method is not implemented
Build info: version: '3.141.59', revision: 'e82be7d358', time: '2018-11-14T08:17:03'
System info: host: 'sanyamwadhwa-1.local', ip: 'fe80:0:0:0:1057:7065:3338:ff1f%en0', os.name: 'Mac OS X', os.arch: 'x86_64', os.version: '11.4', java.version: '16.0.1'
Driver info: io.appium.java_client.ios.IOSDriver
Capabilities {app: /Users/sanyamwadhwa/Library..., browserName: , databaseEnabled: false, deviceName: iPhone 12 Pro Max, javascriptEnabled: true, locationContextEnabled: false, networkConnectionEnabled: false, platform: MAC, platformName: IOS, platformVersion: 14.5, takesScreenshot: true, udid: 5CA12C8C-9FE8-444C-8E95-C19..., webStorageEnabled: false}
Session ID: 7d40fd1f-1967-4524-afcd-59ee11f0eee0]]>
            </message>
            <full-stacktrace>
              <![CDATA[org.openqa.selenium.UnsupportedCommandException: Method is not implemented
Build info: version: '3.141.59', revision: 'e82be7d358', time: '2018-11-14T08:17:03'
System info: host: 'sanyamwadhwa-1.local', ip: 'fe80:0:0:0:1057:7065:3338:ff1f%en0', os.name: 'Mac OS X', os.arch: 'x86_64', os.version: '11.4', java.version: '16.0.1'
Driver info: io.appium.java_client.ios.IOSDriver
Capabilities {app: /Users/sanyamwadhwa/Library..., browserName: , databaseEnabled: false, deviceName: iPhone 12 Pro Max, javascriptEnabled: true, locationContextEnabled: false, networkConnectionEnabled: false, platform: MAC, platformName: IOS, platformVersion: 14.5, takesScreenshot: true, udid: 5CA12C8C-9FE8-444C-8E95-C19..., webStorageEnabled: false}
Session ID: 7d40fd1f-1967-4524-afcd-59ee11f0eee0
at java.base/jdk.internal.reflect.NativeConstructorAccessorImpl.newInstance0(Native Method)
at java.base/jdk.internal.reflect.NativeConstructorAccessorImpl.newInstance(NativeConstructorAccessorImpl.java:78)
at java.base/jdk.internal.reflect.DelegatingConstructorAccessorImpl.newInstance(DelegatingConstructorAccessorImpl.java:45)
at java.base/java.lang.reflect.Constructor.newInstanceWithCaller(Constructor.java:499)
at java.base/java.lang.reflect.Constructor.newInstance(Constructor.java:480)
at org.openqa.selenium.remote.http.W3CHttpResponseCodec.createException(W3CHttpResponseCodec.java:187)
at org.openqa.selenium.remote.http.W3CHttpResponseCodec.decode(W3CHttpResponseCodec.java:122)
at org.openqa.selenium.remote.http.W3CHttpResponseCodec.decode(W3CHttpResponseCodec.java:49)
at org.openqa.selenium.remote.HttpCommandExecutor.execute(HttpCommandExecutor.java:158)
at io.appium.java_client.remote.AppiumCommandExecutor.execute(AppiumCommandExecutor.java:247)
at org.openqa.selenium.remote.RemoteWebDriver.execute(RemoteWebDriver.java:552)
at io.appium.java_client.DefaultGenericMobileDriver.execute(DefaultGenericMobileDriver.java:45)
at io.appium.java_client.AppiumDriver.execute(AppiumDriver.java:1)
at io.appium.java_client.ios.IOSDriver.execute(IOSDriver.java:1)
at org.openqa.selenium.remote.RemoteWebDriver.close(RemoteWebDriver.java:442)
at com.poc.test.BaseTest.teardown(BaseTest.java:89)
at java.base/jdk.internal.reflect.NativeMethodAccessorImpl.invoke0(Native Method)
at java.base/jdk.internal.reflect.NativeMethodAccessorImpl.invoke(NativeMethodAccessorImpl.java:78)
at java.base/jdk.internal.reflect.DelegatingMethodAccessorImpl.invoke(DelegatingMethodAccessorImpl.java:43)
at java.base/java.lang.reflect.Method.invoke(Method.java:567)
at org.testng.internal.MethodInvocationHelper.invokeMethod(MethodInvocationHelper.java:133)
at org.testng.internal.MethodInvocationHelper.invokeMethodConsideringTimeout(MethodInvocationHelper.java:62)
at org.testng.internal.ConfigInvoker.invokeConfigurationMethod(ConfigInvoker.java:385)
at org.testng.internal.ConfigInvoker.invokeConfigurations(ConfigInvoker.java:321)
at org.testng.SuiteRunner.privateRun(SuiteRunner.java:344)
at org.testng.SuiteRunner.run(SuiteRunner.java:276)
at org.testng.SuiteRunnerWorker.runSuite(SuiteRunnerWorker.java:53)
at org.testng.SuiteRunnerWorker.run(SuiteRunnerWorker.java:96)
at org.testng.TestNG.runSuitesSequentially(TestNG.java:1212)
at org.testng.TestNG.runSuitesLocally(TestNG.java:1134)
at org.testng.TestNG.runSuites(TestNG.java:1063)
at org.testng.TestNG.run(TestNG.java:1031)
at org.testng.remote.AbstractRemoteTestNG.run(AbstractRemoteTestNG.java:115)
at org.testng.remote.RemoteTestNG.initAndRun(RemoteTestNG.java:251)
at org.testng.remote.RemoteTestNG.main(RemoteTestNG.java:77)
]]>
            </full-stacktrace>
          </exception> <!-- org.openqa.selenium.UnsupportedCommandException -->
          <reporter-output>
          </reporter-output>
        </test-method> <!-- teardown -->
      </class> <!-- com.poc.test.BaseTest -->
    </test> <!-- UiCatalog App -->
  </suite> <!-- Suite -->
</testng-results>
